<?xml version="1.0" encoding="UTF-8"?>
<!-- Generated by org.testng.reporters.JUnitReportReporter -->
<testsuite hostname="LAPTOP-82P9K93C" failures="0" tests="1" name="com.google.GoogleTest" time="3.027" errors="0" timestamp="2021-11-02T18:16:22 PET" skipped="0">
  <testcase classname="com.google.GoogleTest" name="f" time="3.027"/>
  <system-out/>
</testsuite> <!-- com.google.GoogleTest -->
